2026-03-15 09:18:23 | INFO | P1 | === RUN START ===
2026-03-15 09:18:23 | INFO | P1 | project=CINTEL
2026-03-15 09:18:23 | INFO | P1 | repo_dir=cintel-01-getting-startedv2
2026-03-15 09:18:23 | INFO | P1 | python=3.14.3
2026-03-15 09:18:23 | INFO | P1 | os=Windows 11
2026-03-15 09:18:23 | INFO | P1 | shell=powershell
2026-03-15 09:18:23 | INFO | P1 | cwd=.
2026-03-15 09:18:23 | INFO | P1 | github_actions=False
2026-03-15 09:18:23 | INFO | P1 | ========================
2026-03-15 09:18:23 | INFO | P1 | START main()
2026-03-15 09:18:23 | INFO | P1 | ========================
2026-03-15 09:18:23 | INFO | P1 | ROOT_DIR = .
2026-03-15 09:18:23 | INFO | P1 | DOCS_DIR = docs
2026-03-15 09:18:23 | INFO | P1 | ========================
2026-03-15 09:18:23 | INFO | P1 | Pipeline executed successfully!
2026-03-15 09:18:23 | INFO | P1 | ========================
2026-03-15 09:18:23 | INFO | P1 | END main()
2026-03-15 11:04:23 | INFO | P1 | === RUN START ===
2026-03-15 11:04:23 | INFO | P1 | project=CINTEL
2026-03-15 11:04:23 | INFO | P1 | repo_dir=cintel-01-getting-startedv2
2026-03-15 11:04:23 | INFO | P1 | python=3.14.3
2026-03-15 11:04:24 | INFO | P1 | os=Windows 11
2026-03-15 11:04:24 | INFO | P1 | shell=powershell
2026-03-15 11:04:24 | INFO | P1 | cwd=.
2026-03-15 11:04:24 | INFO | P1 | github_actions=False
2026-03-15 11:04:24 | INFO | P1 | ========================
2026-03-15 11:04:24 | INFO | P1 | START main()
2026-03-15 11:04:24 | INFO | P1 | ========================
2026-03-15 11:04:24 | INFO | P1 | ROOT_DIR = .
2026-03-15 11:04:24 | INFO | P1 | DOCS_DIR = docs
2026-03-15 11:04:24 | INFO | P1 | ========================
2026-03-15 11:04:24 | INFO | P1 | Pipeline executed successfully!
2026-03-15 11:04:24 | INFO | P1 | ========================
2026-03-15 11:04:24 | INFO | P1 | END main()
2026-03-15 11:14:20 | INFO | P1 | === RUN START ===
2026-03-15 11:14:20 | INFO | P1 | project=CINTEL
2026-03-15 11:14:20 | INFO | P1 | repo_dir=cintel-01-getting-startedv2
2026-03-15 11:14:20 | INFO | P1 | python=3.14.3
2026-03-15 11:14:21 | INFO | P1 | os=Windows 11
2026-03-15 11:14:21 | INFO | P1 | shell=powershell
2026-03-15 11:14:21 | INFO | P1 | cwd=.
2026-03-15 11:14:21 | INFO | P1 | github_actions=False
2026-03-15 11:14:21 | INFO | P1 | ========================
2026-03-15 11:14:21 | INFO | P1 | START main()
2026-03-15 11:14:21 | INFO | P1 | ========================
2026-03-15 11:14:21 | INFO | P1 | ROOT_DIR = .
2026-03-15 11:14:21 | INFO | P1 | DOCS_DIR = docs
2026-03-15 11:14:21 | INFO | P1 | ========================
2026-03-15 11:14:21 | INFO | P1 | Pipeline executed successfully!
2026-03-15 11:14:21 | INFO | P1 | ========================
2026-03-15 11:14:21 | INFO | P1 | END main()
